PgnDatabase {
    games: [
        PgnGame {
            main_variation: PgnVariation {
                starts_at_half_move_number: 1,
                children_variations: [
                    PgnVariation {
                        starts_at_half_move_number: 1,
                        children_variations: [],
                        moves: [
                            Move {
                                piece: 'P',
                                rank_to: '4',
                                file_to: 'd',
                                rank_from: '\0',
                                file_from: '\0',
                                promotion: '\0',
                                is_short_castle: false,
                                is_long_castle: false,
                                captures: false,
                                checks: false,
                                checkmates: false,
                                annotations: "",
                            },
                        ],
                    },
                    PgnVariation {
                        starts_at_half_move_number: 2,
                        children_variations: [],
                        moves: [
                            Move {
                                piece: 'P',
                                rank_to: '5',
                                file_to: 'd',
                                rank_from: '\0',
                                file_from: '\0',
                                promotion: '\0',
                                is_short_castle: false,
                                is_long_castle: false,
                                captures: false,
                                checks: false,
                                checkmates: false,
                                annotations: "",
                            },
                        ],
                    },
                ],
                moves: [
                    Move {
                        piece: 'P',
                        rank_to: '4',
                        file_to: 'e',
                        rank_from: '\0',
                        file_from: '\0',
                        promotion: '\0',
                        is_short_castle: false,
                        is_long_castle: false,
                        captures: false,
                        checks: false,
                        checkmates: false,
                        annotations: "",
                    },
                    Move {
                        piece: 'P',
                        rank_to: '5',
                        file_to: 'e',
                        rank_from: '\0',
                        file_from: '\0',
                        promotion: '\0',
                        is_short_castle: false,
                        is_long_castle: false,
                        captures: false,
                        checks: false,
                        checkmates: false,
                        annotations: "",
                    },
                    Move {
                        piece: 'P',
                        rank_to: '4',
                        file_to: 'd',
                        rank_from: '\0',
                        file_from: '\0',
                        promotion: '\0',
                        is_short_castle: false,
                        is_long_castle: false,
                        captures: false,
                        checks: false,
                        checkmates: false,
                        annotations: "",
                    },
                    Move {
                        piece: 'P',
                        rank_to: '5',
                        file_to: 'c',
                        rank_from: '\0',
                        file_from: '\0',
                        promotion: '\0',
                        is_short_castle: false,
                        is_long_castle: false,
                        captures: false,
                        checks: false,
                        checkmates: false,
                        annotations: "",
                    },
                    Move {
                        piece: 'N',
                        rank_to: '3',
                        file_to: 'f',
                        rank_from: '\0',
                        file_from: '\0',
                        promotion: '\0',
                        is_short_castle: false,
                        is_long_castle: false,
                        captures: false,
                        checks: false,
                        checkmates: false,
                        annotations: "",
                    },
                    Move {
                        piece: 'P',
                        rank_to: '4',
                        file_to: 'd',
                        rank_from: '\0',
                        file_from: 'c',
                        promotion: '\0',
                        is_short_castle: false,
                        is_long_castle: false,
                        captures: true,
                        checks: false,
                        checkmates: false,
                        annotations: "",
                    },
                    Move {
                        piece: 'B',
                        rank_to: '4',
                        file_to: 'c',
                        rank_from: '\0',
                        file_from: '\0',
                        promotion: '\0',
                        is_short_castle: false,
                        is_long_castle: false,
                        captures: false,
                        checks: false,
                        checkmates: false,
                        annotations: "",
                    },
                    Move {
                        piece: 'N',
                        rank_to: '6',
                        file_to: 'c',
                        rank_from: '\0',
                        file_from: '\0',
                        promotion: '\0',
                        is_short_castle: false,
                        is_long_castle: false,
                        captures: false,
                        checks: false,
                        checkmates: false,
                        annotations: "",
                    },
                    Move {
                        piece: '\0',
                        rank_to: '\0',
                        file_to: '\0',
                        rank_from: '\0',
                        file_from: '\0',
                        promotion: '\0',
                        is_short_castle: true,
                        is_long_castle: false,
                        captures: false,
                        checks: false,
                        checkmates: false,
                        annotations: "",
                    },
                    Move {
                        piece: 'P',
                        rank_to: '6',
                        file_to: 'd',
                        rank_from: '\0',
                        file_from: '\0',
                        promotion: '\0',
                        is_short_castle: false,
                        is_long_castle: false,
                        captures: false,
                        checks: false,
                        checkmates: false,
                        annotations: "",
                    },
                    Move {
                        piece: 'B',
                        rank_to: '7',
                        file_to: 'f',
                        rank_from: '\0',
                        file_from: '\0',
                        promotion: '\0',
                        is_short_castle: false,
                        is_long_castle: false,
                        captures: true,
                        checks: true,
                        checkmates: false,
                        annotations: "",
                    },
                ],
            },
            metadata: {
                "Event": "Hello, World",
                "Site": "Foo-Bar",
            },
            last_move: Move {
                piece: 'B',
                rank_to: '7',
                file_to: 'f',
                rank_from: '\0',
                file_from: '\0',
                promotion: '\0',
                is_short_castle: false,
                is_long_castle: false,
                captures: true,
                checks: true,
                checkmates: false,
                annotations: "$2",
            },
            result: 'u',
        },
    ],
}
